& Co
& Co.
A/L
A/S
A.B.
A.G.
Ab
AB
AENP
Ag
AG
AG &AMP; COKG
AG &AMP; Co KG
AG & COKG
AG & Co KG
AMBA
Associates
ASSOCIATES
Ay
AY
B.V.
Bhd
BHD
Bros
BROS
Brothers
BROTHERS
Bv
BV
C.de R.L.
C.por A.
C.V.
CDERL
Co
CO
Compagnie
Company
Coop
COOP
Co-op
Cooperative
COOPERATIVE
Co-operative
corp
Corp
CORP
Corp.
Corporation
CORPORATION
Cos
COS
Cos.
CPORA
CV
eGmbh
EGMBH
G.m.b.H.
G.M.B.H.
G.m.b.H.&AMP; CO, KG
G.m.b.H.& CO, KG
G.S.C.
gGmbH
Gmbh
GmbH
GMBH
GMBH &AMP; COKG
GMBH & COKG
GSC
HMIG
HVER
Inc
INC
Incorporated
INCORPORATED
Industries
INDUSTRIES
Kk
L.L.C.
L.P.
LDA
Limitada
LIMITADA
Limited
LIMITED
LLC
Lp
LP
Ltd
LTD
m.b.H.
M.B.H.
m.b.H.&AMP; CO, KG
m.b.H.& CO, KG
mbh
mbH
MBH
MBH &AMP; COKG
MBH & COKG
Mfg
MIJ
N.A.
N.V.
Na
NA
Nv
NV
Oy
OY
OYAB
PERJAN
PERSERO
PERUM
plc
Plc
PLC
PN
PP
PT
Pte ltd
PTE LTD
Pty
PTY
Pty ltd
PTY LTD
S.A.
S.A.C.
S.A.L.
S.A.R.L.
S.p.A.
S.P.A.
Sa
SA
SAC
SAL
SARL
Société
Societe
Sons
Sons Co
Spa
SPA
SV
Technologies
TECHNOLOGIES
