Dydd Llun
Dydd Mawrth
Dydd Mercher
Dydd Iau
Dydd Gwener
Dydd Sadwrn
Dydd Sul
dydd Llun
dydd Mawrth
dydd Mercher
dydd Iau
dydd Gwener
dydd Sadwrn
dydd Sul
DYDD LLUN
DYDD MAWRTH
DYDD MERCHER
DYDD IAU
DYDD GWENER
DYDD SADWRN
DYDD SUL
Ddydd Llun
Ddydd Mawrth
Ddydd Mercher
Ddydd Iau
Ddydd Gwener
Ddydd Sadwrn
Ddydd Sul
ddydd Llun
ddydd Mawrth
ddydd Mercher
ddydd Iau
ddydd Gwener
ddydd Sadwrn
ddydd Sul
DDYDD LLUN
DDYDD MAWRTH
DDYDD MERCHER
DDYDD IAU
DDYDD GWENER
DDYDD SADWRN
DDYDD SUL
Llun
Llun.
Maw
Maw.
Mer
Mer.
Iau
Iau.
Gwe
Gwe.
Sad
Sad.
Sul
Sul.
LLUN
LLUN.
MAW
MAW.
MER
MER.
IAU
IAU.
GWE
GWE.
SAD
SAD.
SUL
SUL.
