Llafur Cymru
Lafur Cymru
Lafur Gymru
Llafur
Ceidwadwyr Cymreig
Ceidwadwyr
Geidwadwyr Gymreig
Ngheidwadwyr Nghymreig
Cheidwadwyr Chymreig
Geidwadwyr Cymru
Ngheidwadwyr Cymru
Cheidwadwyr Cymru
Plaid Cymru
Plaid
Phlaid Chymreig
Mhlaid Nghymreig
Blaid Gymru
Phlaid Cymru
Mhlaid Cymru
Blaid Cymru
Democratiaid Rhyddfrydol Cymru
Ddemocratiaid Ryddfrydol Gymru
Ddemocratiaid Ryddfrydol Cymru
Nemocratiaid Rhyddfrydol Cymru
Democratiaid Rhyddfrydol
Annibynnol
Plaid Genedlaethol Prydain
Blaid Enedlaethol Brydain
Mhlaid Ngenedlaethol Mhrydain
Phlaid Genedlaethol Prydain
Llais Gwynedd
Lais Wynedd
Lais Gwynedd
Rhoi Llanelli'n Gyntaf
Roi Lanelli'n Yntaf
Roi Lanelli'n Gyntaf
Plaid Werdd Cymru
Blaid Werdd Cymru
Blaid Werdd Gymru
Phlaid Werdd Chymru
Phlaid Werdd Cymru
Mhlaid Werdd Nghymru
Mhlaid Werdd Cymru
Plaid Werdd
Democratiaid Lloegr
Ddemocratiaid Loegr
Nemocratiaid Lloegr

