Amser Arfordir y Dwyrain
Amser Arfordir y Gorllewin
Amser Canol Ewrop
Amser Cylchfa Amser Gogledd America
Amser Dydd Cylchfa Amser Gogledd America
Amser Dydd Safonol y Dwyrain
Amser Dydd y Dwyrain
Amser Dydd y Gorllewin
Amser Dydd y Môr Tawel
Amser Gorllewinol
Amser Greenwich
Amser Haf Prydain
Amser Safonol Cylchfa Amser Gogledd America
Amser Safonol y Dwyrain
Amser Safonol y Gorllewin
Amser Safonol y Gylchfa Amser
Amser Safonol Zwlw
Amser y De
Amser y Dwyrain
Amser y Dwyrain Canol
Amser y Gogledd
Amser y Môr Tawel
Amser Arfordir y Dwyrain

