canrif
canrifoedd
dwthwn
dydd
dyddiau
degaid
degeidiau
degawd
degawdau
blwyddyn ariannol
flwyddyn ariannol
blynyddoedd ariannol
blynedd ariannol
hanner cyntaf
hanner-cyntaf
hanner cyllidol
hanner-cyllidol
chwarter cyllidol
chwarteri-cyllidol
blwyddyn gyllidol
pythefnos
pythefnosau
hanner
hanner blwydd
hanner blwyddi
hanner blwyddyn
hanner blynyddoedd
mis
misoedd
chwarter
chwarteri
wythnos
wythnosau
blwydd
blwyddi
blwyddyn
blynyddoedd
Canrif
Canrifoedd
Dwthwn
Dydd
Dyddiau
Degaid
Degeidiau
Degawd
Degawdau
Blwyddyn ariannol
Flwyddyn ariannol
Blynyddoedd ariannol
Blynedd ariannol
Hanner cyntaf
Hanner-cyntaf
Hanner cyllidol
Hanner-cyllidol
Chwarter cyllidol
Chwarteri-cyllidol
Blwyddyn gyllidol
Pythefnos
Pythefnosau
Hanner
Hanner blwydd
Hanner blwyddi
Hanner blwyddyn
Hanner blynyddoedd
Mis
Misoedd
Chwarter
Chwarteri
Wythnos
Wythnosau
Blwydd
Blwyddi
Blwyddyn
Blynyddoedd
