afon
anialwch
ardal
ardal bae
bae
bannau
basn
bryn
bryniau
camlas
castell
cefnfor
cilfach
corstir
delta
dinas
dyffryn
ffiord
ffynnon
ghq
gorsaf
gwastadoedd
gweriniaeth
harbwr
lluestau 
llwybr
llynnoedd
môr
mur
mynydd
mynyddoedd
parc
parcffordd
pencadlys
pencadlys cyffredinol
pentref
rhodfa
safle
safle maes awyr
sgwâr
sianel
sir
stadiwm
talaith
traeth
traethau
ynys
ynysoedd
ystadau
Afon
Anialwch
Ardal
Ardal bae
Bae
Bannau
Basn
Bryn
Bryniau
Camlas
Castell
Cefnfor
Cilfach
Corstir
Delta
Dinas
Dyffryn
Ffiord
Ffynnon
Ghq
Gorsaf
Gwastadoedd
Gweriniaeth
Harbwr
Lluestau 
Llwybr
Llynnoedd
Môr
Mur
Mynydd
Mynyddoedd
Parc
Parcffordd
Pencadlys
Pencadlys cyffredinol
Pentref
Rhodfa
Safle
Safle maes awyr
Sgwâr
Sianel
Sir
Stadiwm
Talaith
Traeth
Traethau
Ynys
Ynysoedd
Ystadau
