mis Ionawr
Mis Ionawr
Ionawr
Ion.
Ion
mis Chwefror
Mis Chwefror
Chwefror
Chwef
Chwef.
Mawrth
mis Mawrth
Mis Mawrth
Maw
Maw.
Ebrill
mis Ebrill
Mis Ebrill
Ebr
Ebr.
Mai
Mis Mai
mis Mai
Mai.
Mehefin
mis Mehefin
Mis Mehefin
Meh
Meh.
Gorffennaf
mis Gorffennaf
Mis Gorffennaf
Gorff
Gorff.
Awst
mis Awst
Mis Awst
Awst.
Medi
mis Medi
Mis Medi
Med
Med.
mis Hydref
Mis Hydref
Hydref
Hyd
Hyd.
Tachwedd
mis Tachwedd
Mis Tachwedd
Tach
Tach.
mis Rhagfyr
Mis Rhagfyr
Rhagfyr
Rhag.
IONAWR
MIS IONAWR
ION.
ION
CHWEFROR
MIS CHWEFROR
CHWEF
CHWEF.
MAWRTH
MIS MAWRTH
MAW
MAW.
MIS EBRILL
EBRILL
EBR
EBR.
MAI
MIS MAI
MAI.
MEHEFIN
MIS MEHEFIN
MEH
MEH.
GORFFENNAF
MIS GORFFENNAF
GORFF
GORFF.
AWST
MIS AWST
AWST.
MEDI
MIS MEDI
MED
MED.
HYDREF
MIS HYDREF
HYD
HYD.
TACHWEDD
MIS TACHWEDD
TACH
TACH.
RHAGFYR
MIS RHAGFYR
RHAG.
