102.5 Radio Pembrokeshire
97.1 Radio Carmarthenshire
97.5 Scarlet FM
BRfm
106.3 Bridge FM
Bro Radio
Calon FM
Capital Cymru
Capital North West and Wales
Capital South Wales
Celtica Radio
Radio Ceredigion
BBC Radio Cymru
Gold (radio)
GTFM
Heart Cheshire and North East Wales
Heart North Wales
Heart North Wales Coast
Heart Wales
Kiss 101
Radio Maldwyn
Môn FM
Nation Hits
Nation Radio
Radio Bangor
Radio BGM
Radio Bronglais
Radio Cardiff
Radio City 1386AM
Radio Hafren
Smooth Wales
Sunshine Radio (FM)
Swansea Sound
Radio Tircoed
Tudno FM
Valleys Radio
BBC Radio Wales
The Wave 96.4 FM
Wrexham and Chester Gold
Xpress Radio
XS (radio)
