Cyngor Bro Morgannwg
Cyngor Bwrdeisdref Sirol Blaenau Gwent
Cyngor Bwrdeistref Sirol Blaenau Gwent
Cyngor Bwrdeistref Sirol Caerffili
Cyngor Bwrdeistref Sirol Castell-nedd Port Talbot
Cyngor Bwrdeistref Sirol Conwy
Cyngor Bwrdeistref Sirol Merthyr Tudful
Cyngor Bwrdeistref Sirol Pen-y-bont ar Ogwr
Cyngor Bwrdeistref Sirol Torfaen
Cyngor Bwrdeistref Sirol Wrecsam
Cyngor Bwrdeistref Sirol Wrecsam/Shropshire
Cyngor Dinas Casnewydd
Cyngor Gwynedd
Cyngor Rhondda Cynon Taf
Cyngor Sir Caerdydd
Cyngor Sir Ceredigion
Cyngor Sir Ddinbych
Cyngor Sir Ddinbych / Cyngor Bwrdeistref Sirol Wrecsam
Cyngor Sir Ddinbych/ Cyngor Bwrdeistref Sirol Wrecsam
Cyngor Sir Ddinbychshire
Cyngor Sir Fynwy
Cyngor Sir Gaerfyrddin
Cyngor Sir Penfro
Cyngor Sir Penfroeshire
Cyngor Sir Powys
Cyngor Sir y Fflint
Cyngor Sir Ynys Môn
