Shanghai
Lagos
Istanbul
Karachi
Mumbai
Moscow
São Paulo
Beijing
Guangzhou
Delhi
Shenzhen
Seoul
Jakarta
Kinshasa
Tianjin
Tokyo
Cairo
Dhaka
Mexico City
Lima
Bangalore
New York City
London
Bangkok
Dongguan
Tehran
Bogotá
Ho Chi Minh City
Hong Kong
Baghdad
Wuhan
Hanoi
Hyderabad
Rio de Janeiro
Lahore
Foshan
Santiago
Riyadh
Ahmedabad
Singapore
Shantou
Luanda
Saint Petersburg
Abidjan
Chengdu
Yangon
Chennai
Alexandria
Chongqing
Kolkata
Xi'an
Surat
Johannesburg
Nanjing
Dar es Salaam
Ankara
Harbin
Giza
Suzhou
Zhengzhou
New Taipei City
Sydney
Los Angeles
Cape Town
Shenyang
Melbourne
Yokohama
Busan
Hangzhou
Xiamen
Quanzhou
Berlin
Jeddah
Durban
Kabul
Hefei
Pyongyang
Madrid
Ekurhuleni
Nairobi
Pune
Addis Ababa
Changsha
Jaipur
Wenzhou
Geneva
Abidjan
Abu Dhabi
Abuja
Accra
Addis Abeba
Algier
Amman
Amsterdam
Andorra la Vella
Ankara
Antananarivo
Apia
Asjkhabad
Asmara
Astana
Asunción
Athen
Bagdad
Baku
Bamako
Bandar Seri Begawan
Bangkok
Bangui
Banjul
Basseterre
Beijing
Beirut
Belmopan
Beograd
Berlin
Bern
Bisjkek
Bissau
Bogotá
Brasília
Bratislava
Brazzaville
Bridgetown
Bryssel
Budapest
Buenos Aires
Bujumbura
Bukarest
Canberra
Caracas
Castries
Cayenne
Chisinau
Colombo
Conakry
Dakar
Dalap-Uliga-Darrit
Damaskus
Dhaka
Dili
Djibouti
Dodoma
Doha
Dublin
Dusjanbe
Freetown
Funafuti
Gaborone
Georgetown
Guatemala City
Hanoi
Harare
Havanna
Helsingfors
Honiara
Islamabad
Jakarta
Jerevan
Juba
Kabul
Kairo
Kampala
Katmandu
Khartoum
Kiev
Kigali
Kingston
Kingstown
Kinshasa
Koebenhavn
Kuala Lumpur
Kuwait City
Libreville
Lilongwe
Lima
Lissabon
Ljubljana
Lomé
London
Luanda
Lusaka
Luxembourg
Madrid
Malabo
Male
Managua
Manama
Manila
Maputo
Maseru
Mbabane
Melekeok
Mexico City
Minsk
Mogadishu
Monaco
Monrovia
Montevideo
Moroni
Moskva
Muskat
N'Djamena
Nairobi
Nassau
Naypyidaw
New Delhi
Niamey
Nicosia
Nouakchott
Nuku'alofa
Nuuk
Oslo
Ottawa
Ouagadougou
Palikir
Panama City
Paramaribo
Paris
Phnom Penh
Podgorica
Port Louis
Port Moresby
Port of Spain
Port Vila
Port-au-Prince
Porto-Novo
Prag
Praia
Pretoria
Pyongyang
Quito
Rabat
Reykjavik
Riga
Riyadh
Rom
Roseau
Saint George's
Saint John's
San José
San Marino
San Salvador
Sanaá
Santiago de Chile
Santo Domingo
São Tomé
Sarajevo
Seoul
Singapore
Skopje
Sofia
South Tarawa
Stockholm
Sucre
Suva
Taipei
Tallinn
Tasjkent
Tbilisi
Tegucigalpa
Teheran
Tel Aviv
Thimphu
Tirana
Tokyo
Tórshavn
Tripoli
Tunis
Ulan Bator
Vaduz
Valletta
Vatikanstaten
Vientiane
Vilnius
Warszawa
Washington D.C.
Wellington
Wien
Windhoek
Yaoundé
Yaren
Zagreb
Goeteborg
New York
