Venstre
Danmarks liberale parti
Socialdemokraterne
Socialdemokratiet
Dansk Folkeparti
DF
Socialistisk Folkeparti
SF
Det Konservative Folkeparti
Det Radikale Venstre
Radikale
Enhedslisten
Liberal Alliance
Folkebevaegelsen mod EU
Kristendemokraterne
Fremskridtspartiet
Det Demokratiske Parti
Slesvigsk Parti
Bornholms Selvstyre parti
Retsforbundet
Danmarks Kommunistiske Parti
De Uafhaengige
Danmarks Nationalsocialistiske Bevaegelse
Venstresocialisterne
Bjoernbakkernes Venstre
Bondepartiet
Faelles Kurs
Centrum-Demokraterne
Kommunistisk Forbund
Dansk Samling
Frikonservative
Minoritetspartiet
Bondevennernes Selskab
Venstrereformpartiet
VK
Oe
S
LA
K
Folketinget
Konservative
VS
DKP
Socialistisk Arbejderparti
Socialistisk UngdomsFront
Socialistisk Ungdomsfront
Folketingsgruppen
De Radikale
De radikale
Danmarks Socialdemokratiske Ungdom
A
B
Den Internationale Arbejderforening
Socialdemokratisk Forbund